0001 HAM 0.0847
0002 HAM 0.0000
0003 HAM 0.0000
0004 HAM 0.0000
0005 HAM 0.0000
0006 HAM 0.0009
0007 HAM 0.0000
0008 HAM 0.0000
0009 HAM 0.0000
0010 SPAM 1.0000
0011 HAM 0.0000
0012 HAM 0.0000
0013 HAM 0.0000
0014 HAM 0.0000
0015 HAM 0.0000
0016 HAM 0.0000
0017 SPAM 0.5567
0018 HAM 0.0000
0019 HAM 0.0000
0020 HAM 0.0000
0021 HAM 0.0000
0022 HAM 0.0000
0023 HAM 0.0000
0024 HAM 0.0003
0025 HAM 0.0000
0026 HAM 0.0000
0027 HAM 0.0000
0028 HAM 0.0000
0029 HAM 0.0000
0030 HAM 0.0000
0031 HAM 0.0000
0032 HAM 0.0000
0033 HAM 0.0000
0034 HAM 0.0000
0035 HAM 0.0000
0036 HAM 0.0000
0037 HAM 0.0000
0038 HAM 0.0000
0039 HAM 0.0000
0040 HAM 0.0000
0041 HAM 0.0000
0042 HAM 0.0001
0043 HAM 0.0000
0044 SPAM 1.0000
0045 HAM 0.0000
0046 SPAM 1.0000
0047 HAM 0.0000
0048 HAM 0.0000
0049 HAM 0.0000
0050 HAM 0.0000
0051 HAM 0.0000
0052 HAM 0.0000
0053 HAM 0.0000
0054 HAM 0.0000
0055 HAM 0.0000
0056 HAM 0.0000
0057 HAM 0.0000
0058 HAM 0.0000
0059 HAM 0.0000
0060 HAM 0.0000
0061 HAM 0.0000
0062 HAM 0.0000
0063 SPAM 1.0000
0064 HAM 0.0000
0065 HAM 0.0000
0066 HAM 0.0000
0067 HAM 0.0000
0068 HAM 0.0000
0069 HAM 0.0000
0070 HAM 0.0000
0071 HAM 0.0000
0072 HAM 0.0000
0073 HAM 0.0000
0074 HAM 0.0000
0075 HAM 0.0000
0076 HAM 0.0000
0077 HAM 0.0000
0078 HAM 0.0014
0079 HAM 0.0000
0080 HAM 0.0000
0081 HAM 0.0000
0082 HAM 0.0015
0083 HAM 0.0000
0084 HAM 0.0000
0085 HAM 0.0000
0086 HAM 0.0000
0087 HAM 0.0000
0088 HAM 0.0000
0089 HAM 0.0000
0090 HAM 0.0000
0091 SPAM 1.0000
0092 HAM 0.0000
0093 SPAM 1.0000
0094 SPAM 1.0000
0095 HAM 0.0000
0096 HAM 0.0000
0097 HAM 0.0000
0098 HAM 0.0000
0099 HAM 0.0000
0100 HAM 0.0000
